[2014-05-25 18:18:33] - READING: Y:\www\yajit\src\Yajit/config/recipes.php
[2014-05-25 18:18:33] - RECIPES: Array
(
    [thumbs] => Array
        (
            [mode] => 2
            [width] => 100
            [height] => 100
            [position] => 5
            [quality] => 10
        )

)

[2014-05-25 18:18:33] - Cycling recipe thumbs: Array
(
    [mode] => 2
    [width] => 100
    [height] => 100
    [position] => 5
    [quality] => 10
)

[2014-05-25 18:18:33] - RECIPE: stdClass Object
(
    [mode] => 2
    [width] => 100
    [height] => 100
    [position] => 5
    [background] => 
    [file] => public/foo.jpg
    [external] => 
)

[2014-05-25 18:18:33] - IMAGE PATH: Y:\www\yajit/public/foo.jpg
[2014-05-25 18:18:33] - last_modified: 1247549551
[2014-05-25 18:18:33] - last_modified_gmt: Tue, 14 Jul 2009 05:32:31 GMT
[2014-05-25 18:18:33] - Reading image: Y:\www\yajit/public/foo.jpg
[2014-05-25 18:18:33] - Dimensions: 1024 X 768
[2014-05-25 18:18:33] - Mime: image/jpeg
[2014-05-25 18:18:33] - Quality: 10
[2014-05-25 18:18:33] - Mime: image/jpeg
[2014-05-25 18:18:33] - 133, 100, 100, 100
[2014-05-25 18:18:33] - 100, 100, 100, 100
[2014-05-25 18:18:33] - 0, 0, 17, 0
[2014-05-25 18:20:22] - READING: Y:\www\yajit\src\Yajit/config/recipes.php
[2014-05-25 18:20:22] - RECIPES: Array
(
    [thumbs] => Array
        (
            [mode] => 2
            [width] => 100
            [height] => 100
            [position] => 5
            [quality] => 10
        )

)

[2014-05-25 18:20:22] - Cycling recipe thumbs: Array
(
    [mode] => 2
    [width] => 100
    [height] => 100
    [position] => 5
    [quality] => 10
)

[2014-05-25 18:20:22] - RECIPE: stdClass Object
(
    [mode] => 2
    [width] => 100
    [height] => 100
    [position] => 5
    [background] => 
    [file] => public/foo.jpg
    [external] => 
)

[2014-05-25 18:20:22] - IMAGE PATH: Y:\www\yajit/public/foo.jpg
[2014-05-25 18:20:22] - last_modified: 1247549551
[2014-05-25 18:20:22] - last_modified_gmt: Tue, 14 Jul 2009 05:32:31 GMT
[2014-05-25 18:20:22] - Reading image: Y:\www\yajit/public/foo.jpg
[2014-05-25 18:20:22] - Dimensions: 1024 X 768
[2014-05-25 18:20:22] - Mime: image/jpeg
[2014-05-25 18:20:22] - Quality: 10
[2014-05-25 18:20:22] - Mime: image/jpeg
[2014-05-25 18:20:23] - 133, 100, 100, 100
[2014-05-25 18:20:23] - 100, 100, 100, 100
[2014-05-25 18:20:23] - 0, 0, 17, 0
[2014-05-25 18:22:23] - READING: Y:\www\yajit\src\Yajit/config/recipes.php
[2014-05-25 18:22:23] - RECIPES: Array
(
    [thumbs] => Array
        (
            [mode] => 2
            [width] => 100
            [height] => 100
            [position] => 5
            [quality] => 10
        )

)

[2014-05-25 18:22:23] - Cycling recipe thumbs: Array
(
    [mode] => 2
    [width] => 100
    [height] => 100
    [position] => 5
    [quality] => 10
)

[2014-05-25 18:22:23] - RECIPE: stdClass Object
(
    [mode] => 2
    [width] => 100
    [height] => 100
    [position] => 5
    [background] => 
    [file] => public/foo.jpg
    [external] => 
)

[2014-05-25 18:22:23] - IMAGE PATH: Y:\www\yajit/public/foo.jpg
[2014-05-25 18:22:23] - last_modified: 1247549551
[2014-05-25 18:22:23] - last_modified_gmt: Tue, 14 Jul 2009 05:32:31 GMT
[2014-05-25 18:22:23] - Reading image: Y:\www\yajit/public/foo.jpg
[2014-05-25 18:22:23] - Dimensions: 1024 X 768
[2014-05-25 18:22:23] - Mime: image/jpeg
[2014-05-25 18:22:23] - Quality: 10
[2014-05-25 18:22:23] - Mime: image/jpeg
[2014-05-25 18:22:23] - 133, 100, 100, 100
[2014-05-25 18:22:23] - 100, 100, 100, 100
[2014-05-25 18:22:23] - 0, 0, 17, 0
[2014-05-25 18:22:34] - READING: Y:\www\yajit\src\Yajit/config/recipes.php
[2014-05-25 18:22:34] - RECIPES: Array
(
    [thumbs] => Array
        (
            [mode] => 2
            [width] => 100
            [height] => 100
            [position] => 5
            [quality] => 65
        )

)

[2014-05-25 18:22:34] - Cycling recipe thumbs: Array
(
    [mode] => 2
    [width] => 100
    [height] => 100
    [position] => 5
    [quality] => 65
)

[2014-05-25 18:22:34] - RECIPE: stdClass Object
(
    [mode] => 2
    [width] => 100
    [height] => 100
    [position] => 5
    [background] => 
    [file] => public/foo.jpg
    [external] => 
)

[2014-05-25 18:22:34] - IMAGE PATH: Y:\www\yajit/public/foo.jpg
[2014-05-25 18:22:34] - last_modified: 1247549551
[2014-05-25 18:22:34] - last_modified_gmt: Tue, 14 Jul 2009 05:32:31 GMT
[2014-05-25 18:22:34] - Reading image: Y:\www\yajit/public/foo.jpg
[2014-05-25 18:22:34] - Dimensions: 1024 X 768
[2014-05-25 18:22:34] - Mime: image/jpeg
[2014-05-25 18:22:34] - Quality: 65
[2014-05-25 18:22:34] - Mime: image/jpeg
[2014-05-25 18:22:34] - 133, 100, 100, 100
[2014-05-25 18:22:34] - 100, 100, 100, 100
[2014-05-25 18:22:34] - 0, 0, 17, 0
[2014-05-25 18:23:11] - READING: Y:\www\yajit\src\Yajit/config/recipes.php
[2014-05-25 18:23:11] - RECIPES: Array
(
    [thumbs] => Array
        (
            [mode] => 2
            [width] => 100
            [height] => 100
            [position] => 5
            [quality] => 65
        )

    [images] => Array
        (
            [mode] => 2
            [width] => 300
            [height] => 300
            [position] => 5
            [quality] => 80
        )

)

[2014-05-25 18:23:11] - Cycling recipe thumbs: Array
(
    [mode] => 2
    [width] => 100
    [height] => 100
    [position] => 5
    [quality] => 65
)

[2014-05-25 18:23:11] - Cycling recipe images: Array
(
    [mode] => 2
    [width] => 300
    [height] => 300
    [position] => 5
    [quality] => 80
)

[2014-05-25 18:23:11] - RECIPE: stdClass Object
(
    [mode] => 2
    [width] => 300
    [height] => 300
    [position] => 5
    [background] => 
    [file] => public/foo.jpg
    [external] => 
)

[2014-05-25 18:23:11] - IMAGE PATH: Y:\www\yajit/public/foo.jpg
[2014-05-25 18:23:11] - last_modified: 1247549551
[2014-05-25 18:23:11] - last_modified_gmt: Tue, 14 Jul 2009 05:32:31 GMT
[2014-05-25 18:23:11] - Reading image: Y:\www\yajit/public/foo.jpg
[2014-05-25 18:23:11] - Dimensions: 1024 X 768
[2014-05-25 18:23:11] - Mime: image/jpeg
[2014-05-25 18:23:11] - Quality: 80
[2014-05-25 18:23:11] - Mime: image/jpeg
[2014-05-25 18:23:11] - 400, 300, 300, 300
[2014-05-25 18:23:11] - 300, 300, 300, 300
[2014-05-25 18:23:11] - 0, 0, 50, 0
[2014-05-25 18:24:05] - READING: Y:\www\yajit\src\Yajit/config/recipes.php
[2014-05-25 18:24:05] - RECIPES: Array
(
    [thumbs] => Array
        (
            [mode] => 2
            [width] => 100
            [height] => 100
            [position] => 5
            [quality] => 65
        )

    [images] => Array
        (
            [mode] => 2
            [width] => 300
            [height] => 300
            [position] => 5
            [quality] => 80
        )

    [zoom] => Array
        (
            [mode] => 4
            [width] => 0
            [height] => 600
            [quality] => 80
        )

)

[2014-05-25 18:24:05] - Cycling recipe thumbs: Array
(
    [mode] => 2
    [width] => 100
    [height] => 100
    [position] => 5
    [quality] => 65
)

[2014-05-25 18:24:05] - Cycling recipe images: Array
(
    [mode] => 2
    [width] => 300
    [height] => 300
    [position] => 5
    [quality] => 80
)

[2014-05-25 18:24:05] - Cycling recipe zoom: Array
(
    [mode] => 4
    [width] => 0
    [height] => 600
    [quality] => 80
)

[2014-05-25 18:24:05] - RECIPE: stdClass Object
(
    [mode] => 4
    [width] => 0
    [height] => 600
    [position] => 0
    [background] => 0
    [file] => public/foo.jpg
    [external] => 
)

[2014-05-25 18:24:05] - IMAGE PATH: Y:\www\yajit/public/foo.jpg
[2014-05-25 18:24:05] - last_modified: 1247549551
[2014-05-25 18:24:05] - last_modified_gmt: Tue, 14 Jul 2009 05:32:31 GMT
[2014-05-25 18:24:05] - Reading image: Y:\www\yajit/public/foo.jpg
[2014-05-25 18:24:05] - Dimensions: 1024 X 768
[2014-05-25 18:24:05] - Mime: image/jpeg
[2014-05-25 18:24:05] - Quality: 80
[2014-05-25 18:24:05] - Mime: image/jpeg
[2014-05-25 18:24:05] - src_w: 1024 src_h: 768 dst_w:800 dst_h:600 src_r:1.3333333333333 dst_r:1.3333333333333
[2014-05-25 18:24:05] - img->resize(null, 600)
[2014-05-25 18:24:05] - img->resize(800, null)
[2014-05-25 18:26:07] - READING: Y:\www\yajit\src\Yajit/config/recipes.php
[2014-05-25 18:26:07] - RECIPES: Array
(
    [thumbs] => Array
        (
            [mode] => 2
            [width] => 100
            [height] => 100
            [position] => 5
            [quality] => 65
        )

    [images] => Array
        (
            [mode] => 2
            [width] => 300
            [height] => 300
            [position] => 5
            [quality] => 80
        )

    [zoom] => Array
        (
            [mode] => 4
            [width] => 0
            [height] => 600
            [quality] => 80
        )

)

[2014-05-25 18:26:07] - Cycling recipe thumbs: Array
(
    [mode] => 2
    [width] => 100
    [height] => 100
    [position] => 5
    [quality] => 65
)

[2014-05-25 18:26:07] - Cycling recipe images: Array
(
    [mode] => 2
    [width] => 300
    [height] => 300
    [position] => 5
    [quality] => 80
)

[2014-05-25 18:26:07] - Cycling recipe zoom: Array
(
    [mode] => 4
    [width] => 0
    [height] => 600
    [quality] => 80
)

[2014-05-25 18:26:07] - RECIPE: stdClass Object
(
    [mode] => 4
    [width] => 0
    [height] => 600
    [position] => 0
    [background] => 0
    [file] => public/foo.jpg
    [external] => 
)

[2014-05-25 18:26:07] - IMAGE PATH: Y:\www\yajit/public/foo.jpg
[2014-05-25 18:26:07] - last_modified: 1247549551
[2014-05-25 18:26:07] - last_modified_gmt: Tue, 14 Jul 2009 05:32:31 GMT
[2014-05-25 18:26:07] - Returning 304 code
[2014-05-25 18:26:11] - READING: Y:\www\yajit\src\Yajit/config/recipes.php
[2014-05-25 18:26:11] - RECIPES: Array
(
    [thumbs] => Array
        (
            [mode] => 2
            [width] => 100
            [height] => 100
            [position] => 5
            [quality] => 65
        )

    [images] => Array
        (
            [mode] => 2
            [width] => 300
            [height] => 300
            [position] => 5
            [quality] => 80
        )

    [zoom] => Array
        (
            [mode] => 4
            [width] => 0
            [height] => 600
            [quality] => 80
        )

)

[2014-05-25 18:26:11] - Cycling recipe thumbs: Array
(
    [mode] => 2
    [width] => 100
    [height] => 100
    [position] => 5
    [quality] => 65
)

[2014-05-25 18:26:11] - RECIPE: stdClass Object
(
    [mode] => 2
    [width] => 100
    [height] => 100
    [position] => 5
    [background] => 
    [file] => public/foo.jpg
    [external] => 
)

[2014-05-25 18:26:11] - IMAGE PATH: Y:\www\yajit/public/foo.jpg
[2014-05-25 18:26:11] - last_modified: 1247549551
[2014-05-25 18:26:11] - last_modified_gmt: Tue, 14 Jul 2009 05:32:31 GMT
[2014-05-25 18:26:11] - Returning 304 code
[2014-05-25 18:26:30] - READING: Y:\www\yajit\src\Yajit/config/recipes.php
[2014-05-25 18:26:30] - RECIPES: Array
(
    [thumbs] => Array
        (
            [mode] => 2
            [width] => 100
            [height] => 100
            [position] => 5
            [quality] => 65
        )

    [images] => Array
        (
            [mode] => 2
            [width] => 300
            [height] => 300
            [position] => 5
            [quality] => 80
        )

    [zoom] => Array
        (
            [mode] => 4
            [width] => 0
            [height] => 600
            [quality] => 80
        )

)

[2014-05-25 18:26:30] - Cycling recipe thumbs: Array
(
    [mode] => 2
    [width] => 100
    [height] => 100
    [position] => 5
    [quality] => 65
)

[2014-05-25 18:26:30] - RECIPE: stdClass Object
(
    [mode] => 2
    [width] => 100
    [height] => 100
    [position] => 5
    [background] => 
    [file] => public/foo.jpg
    [external] => 
)

[2014-05-25 18:26:30] - IMAGE PATH: Y:\www\yajit/public/foo.jpg
[2014-05-25 18:26:30] - last_modified: 1247549551
[2014-05-25 18:26:30] - last_modified_gmt: Tue, 14 Jul 2009 05:32:31 GMT
[2014-05-25 18:26:30] - CACHE FILE NAME: Y:\www\yajit\src\Yajit/cache/8a4cd144185a236615d90fb4f7ba9195_foo.jpg
[2014-05-25 18:26:30] - Reading image: Y:\www\yajit/public/foo.jpg
[2014-05-25 18:26:30] - Dimensions: 1024 X 768
[2014-05-25 18:26:30] - Mime: image/jpeg
[2014-05-25 18:26:30] - Quality: 65
[2014-05-25 18:26:30] - Mime: image/jpeg
[2014-05-25 18:26:30] - 133, 100, 100, 100
[2014-05-25 18:26:30] - 100, 100, 100, 100
[2014-05-25 18:26:30] - 0, 0, 17, 0
[2014-05-25 18:26:30] - SAVING CACHE FILE: Y:\www\yajit\src\Yajit/cache/8a4cd144185a236615d90fb4f7ba9195_foo.jpg
[2014-05-25 18:26:38] - READING: Y:\www\yajit\src\Yajit/config/recipes.php
[2014-05-25 18:26:38] - RECIPES: Array
(
    [thumbs] => Array
        (
            [mode] => 2
            [width] => 100
            [height] => 100
            [position] => 5
            [quality] => 65
        )

    [images] => Array
        (
            [mode] => 2
            [width] => 300
            [height] => 300
            [position] => 5
            [quality] => 80
        )

    [zoom] => Array
        (
            [mode] => 4
            [width] => 0
            [height] => 600
            [quality] => 80
        )

)

[2014-05-25 18:26:38] - Cycling recipe thumbs: Array
(
    [mode] => 2
    [width] => 100
    [height] => 100
    [position] => 5
    [quality] => 65
)

[2014-05-25 18:26:38] - Cycling recipe images: Array
(
    [mode] => 2
    [width] => 300
    [height] => 300
    [position] => 5
    [quality] => 80
)

[2014-05-25 18:26:38] - Cycling recipe zoom: Array
(
    [mode] => 4
    [width] => 0
    [height] => 600
    [quality] => 80
)

[2014-05-25 18:26:38] - RECIPE: stdClass Object
(
    [mode] => 4
    [width] => 0
    [height] => 600
    [position] => 0
    [background] => 0
    [file] => public/foo.jpg
    [external] => 
)

[2014-05-25 18:26:38] - IMAGE PATH: Y:\www\yajit/public/foo.jpg
[2014-05-25 18:26:38] - last_modified: 1247549551
[2014-05-25 18:26:38] - last_modified_gmt: Tue, 14 Jul 2009 05:32:31 GMT
[2014-05-25 18:26:38] - CACHE FILE NAME: Y:\www\yajit\src\Yajit/cache/275a54c3c1457c0821c5442d0f5f2e94_foo.jpg
[2014-05-25 18:26:38] - Reading image: Y:\www\yajit/public/foo.jpg
[2014-05-25 18:26:38] - Dimensions: 1024 X 768
[2014-05-25 18:26:38] - Mime: image/jpeg
[2014-05-25 18:26:38] - Quality: 80
[2014-05-25 18:26:38] - Mime: image/jpeg
[2014-05-25 18:26:38] - src_w: 1024 src_h: 768 dst_w:800 dst_h:600 src_r:1.3333333333333 dst_r:1.3333333333333
[2014-05-25 18:26:38] - img->resize(null, 600)
[2014-05-25 18:26:38] - img->resize(800, null)
[2014-05-25 18:26:38] - SAVING CACHE FILE: Y:\www\yajit\src\Yajit/cache/275a54c3c1457c0821c5442d0f5f2e94_foo.jpg
[2014-05-25 18:26:43] - READING: Y:\www\yajit\src\Yajit/config/recipes.php
[2014-05-25 18:26:43] - RECIPES: Array
(
    [thumbs] => Array
        (
            [mode] => 2
            [width] => 100
            [height] => 100
            [position] => 5
            [quality] => 65
        )

    [images] => Array
        (
            [mode] => 2
            [width] => 300
            [height] => 300
            [position] => 5
            [quality] => 80
        )

    [zoom] => Array
        (
            [mode] => 4
            [width] => 0
            [height] => 600
            [quality] => 80
        )

)

[2014-05-25 18:26:43] - Cycling recipe thumbs: Array
(
    [mode] => 2
    [width] => 100
    [height] => 100
    [position] => 5
    [quality] => 65
)

[2014-05-25 18:26:43] - Cycling recipe images: Array
(
    [mode] => 2
    [width] => 300
    [height] => 300
    [position] => 5
    [quality] => 80
)

[2014-05-25 18:26:43] - RECIPE: stdClass Object
(
    [mode] => 2
    [width] => 300
    [height] => 300
    [position] => 5
    [background] => 
    [file] => public/foo.jpg
    [external] => 
)

[2014-05-25 18:26:43] - IMAGE PATH: Y:\www\yajit/public/foo.jpg
[2014-05-25 18:26:43] - last_modified: 1247549551
[2014-05-25 18:26:43] - last_modified_gmt: Tue, 14 Jul 2009 05:32:31 GMT
[2014-05-25 18:26:43] - CACHE FILE NAME: Y:\www\yajit\src\Yajit/cache/775c0e494da033d9764ea4080f9e5716_foo.jpg
[2014-05-25 18:26:43] - Reading image: Y:\www\yajit/public/foo.jpg
[2014-05-25 18:26:43] - Dimensions: 1024 X 768
[2014-05-25 18:26:43] - Mime: image/jpeg
[2014-05-25 18:26:43] - Quality: 80
[2014-05-25 18:26:43] - Mime: image/jpeg
[2014-05-25 18:26:43] - 400, 300, 300, 300
[2014-05-25 18:26:43] - 300, 300, 300, 300
[2014-05-25 18:26:43] - 0, 0, 50, 0
[2014-05-25 18:26:43] - SAVING CACHE FILE: Y:\www\yajit\src\Yajit/cache/775c0e494da033d9764ea4080f9e5716_foo.jpg
[2014-05-25 18:26:59] - READING: Y:\www\yajit\src\Yajit/config/recipes.php
[2014-05-25 18:26:59] - RECIPES: Array
(
    [thumbs] => Array
        (
            [mode] => 2
            [width] => 100
            [height] => 100
            [position] => 5
            [quality] => 65
        )

    [images] => Array
        (
            [mode] => 2
            [width] => 300
            [height] => 300
            [position] => 5
            [quality] => 80
        )

    [zoom] => Array
        (
            [mode] => 4
            [width] => 0
            [height] => 600
            [quality] => 80
        )

)

[2014-05-25 18:26:59] - Cycling recipe thumbs: Array
(
    [mode] => 2
    [width] => 100
    [height] => 100
    [position] => 5
    [quality] => 65
)

[2014-05-25 18:26:59] - Cycling recipe images: Array
(
    [mode] => 2
    [width] => 300
    [height] => 300
    [position] => 5
    [quality] => 80
)

[2014-05-25 18:26:59] - RECIPE: stdClass Object
(
    [mode] => 2
    [width] => 300
    [height] => 300
    [position] => 5
    [background] => 
    [file] => public/foo.jpg
    [external] => 
)

[2014-05-25 18:26:59] - IMAGE PATH: Y:\www\yajit/public/foo.jpg
[2014-05-25 18:26:59] - last_modified: 1247549551
[2014-05-25 18:26:59] - last_modified_gmt: Tue, 14 Jul 2009 05:32:31 GMT
[2014-05-25 18:26:59] - Returning 304 code
[2014-05-25 18:27:01] - READING: Y:\www\yajit\src\Yajit/config/recipes.php
[2014-05-25 18:27:01] - RECIPES: Array
(
    [thumbs] => Array
        (
            [mode] => 2
            [width] => 100
            [height] => 100
            [position] => 5
            [quality] => 65
        )

    [images] => Array
        (
            [mode] => 2
            [width] => 300
            [height] => 300
            [position] => 5
            [quality] => 80
        )

    [zoom] => Array
        (
            [mode] => 4
            [width] => 0
            [height] => 600
            [quality] => 80
        )

)

[2014-05-25 18:27:01] - Cycling recipe thumbs: Array
(
    [mode] => 2
    [width] => 100
    [height] => 100
    [position] => 5
    [quality] => 65
)

[2014-05-25 18:27:01] - Cycling recipe images: Array
(
    [mode] => 2
    [width] => 300
    [height] => 300
    [position] => 5
    [quality] => 80
)

[2014-05-25 18:27:01] - Cycling recipe zoom: Array
(
    [mode] => 4
    [width] => 0
    [height] => 600
    [quality] => 80
)

[2014-05-25 18:27:01] - RECIPE: stdClass Object
(
    [mode] => 4
    [width] => 0
    [height] => 600
    [position] => 0
    [background] => 0
    [file] => public/foo.jpg
    [external] => 
)

[2014-05-25 18:27:01] - IMAGE PATH: Y:\www\yajit/public/foo.jpg
[2014-05-25 18:27:01] - last_modified: 1247549551
[2014-05-25 18:27:01] - last_modified_gmt: Tue, 14 Jul 2009 05:32:31 GMT
[2014-05-25 18:27:01] - Returning 304 code
[2014-05-25 18:27:03] - READING: Y:\www\yajit\src\Yajit/config/recipes.php
[2014-05-25 18:27:03] - RECIPES: Array
(
    [thumbs] => Array
        (
            [mode] => 2
            [width] => 100
            [height] => 100
            [position] => 5
            [quality] => 65
        )

    [images] => Array
        (
            [mode] => 2
            [width] => 300
            [height] => 300
            [position] => 5
            [quality] => 80
        )

    [zoom] => Array
        (
            [mode] => 4
            [width] => 0
            [height] => 600
            [quality] => 80
        )

)

[2014-05-25 18:27:03] - Cycling recipe thumbs: Array
(
    [mode] => 2
    [width] => 100
    [height] => 100
    [position] => 5
    [quality] => 65
)

[2014-05-25 18:27:03] - RECIPE: stdClass Object
(
    [mode] => 2
    [width] => 100
    [height] => 100
    [position] => 5
    [background] => 
    [file] => public/foo.jpg
    [external] => 
)

[2014-05-25 18:27:03] - IMAGE PATH: Y:\www\yajit/public/foo.jpg
[2014-05-25 18:27:03] - last_modified: 1247549551
[2014-05-25 18:27:03] - last_modified_gmt: Tue, 14 Jul 2009 05:32:31 GMT
[2014-05-25 18:27:03] - Returning 304 code
