[2014-05-24 16:46:34] - PARAM: stdClass Object
(
    [mode] => 0
    [width] => 0
    [height] => 0
    [position] => 0
    [background] => 0
    [file] => public/foo.jpg
    [external] => 
)

[2014-05-24 16:46:34] - IMAGE PATH: Y:\www\yajit/public/foo.jpg
[2014-05-24 16:46:34] - last_modified: 1247549551
[2014-05-24 16:46:34] - last_modified_gmt: Tue, 14 Jul 2009 05:32:31 GMT
[2014-05-24 16:46:34] - Reading image: Y:\www\yajit/public/foo.jpg
[2014-05-24 16:46:34] - 1024
[2014-05-24 16:46:34] - image/jpeg
[2014-05-24 16:53:29] - PARAM: stdClass Object
(
    [mode] => 0
    [width] => 0
    [height] => 0
    [position] => 0
    [background] => 0
    [file] => public/foo.jpg
    [external] => 
)

[2014-05-24 16:53:29] - IMAGE PATH: Y:\www\yajit/public/foo.jpg
[2014-05-24 16:53:29] - last_modified: 1247549551
[2014-05-24 16:53:29] - last_modified_gmt: Tue, 14 Jul 2009 05:32:31 GMT
[2014-05-24 16:53:29] - Reading image: Y:\www\yajit/public/foo.jpg
[2014-05-24 16:53:29] - Dimensions: 1024 X 768
[2014-05-24 16:53:29] - Mime: image/jpeg
[2014-05-24 16:53:53] - PARAM: stdClass Object
(
    [mode] => 0
    [width] => 0
    [height] => 0
    [position] => 0
    [background] => 0
    [file] => public/foo.jpg
    [external] => 
)

[2014-05-24 16:53:53] - IMAGE PATH: Y:\www\yajit/public/foo.jpg
[2014-05-24 16:53:53] - last_modified: 1247549551
[2014-05-24 16:53:53] - last_modified_gmt: Tue, 14 Jul 2009 05:32:31 GMT
[2014-05-24 16:53:53] - Reading image: Y:\www\yajit/public/foo.jpg
[2014-05-24 16:53:53] - Dimensions: 1024 X 768
[2014-05-24 16:53:53] - Mime: image/jpeg
[2014-05-24 16:54:22] - PARAM: stdClass Object
(
    [mode] => 0
    [width] => 0
    [height] => 0
    [position] => 0
    [background] => 0
    [file] => public/foo.jpg
    [external] => 
)

[2014-05-24 16:54:22] - IMAGE PATH: Y:\www\yajit/public/foo.jpg
[2014-05-24 16:54:22] - last_modified: 1247549551
[2014-05-24 16:54:22] - last_modified_gmt: Tue, 14 Jul 2009 05:32:31 GMT
[2014-05-24 16:54:22] - Reading image: Y:\www\yajit/public/foo.jpg
[2014-05-24 16:54:22] - Dimensions: 1024 X 768
[2014-05-24 16:54:22] - Mime: image/jpeg
[2014-05-24 16:58:36] - PARAM: stdClass Object
(
    [mode] => 1
    [width] => 80
    [height] => 80
    [position] => 0
    [background] => 0
    [file] => public/foo.jpg
    [external] => 
)

[2014-05-24 16:58:36] - IMAGE PATH: Y:\www\yajit/public/foo.jpg
[2014-05-24 16:58:36] - last_modified: 1247549551
[2014-05-24 16:58:36] - last_modified_gmt: Tue, 14 Jul 2009 05:32:31 GMT
[2014-05-24 16:58:36] - Reading image: Y:\www\yajit/public/foo.jpg
[2014-05-24 16:58:36] - Dimensions: 1024 X 768
[2014-05-24 16:58:36] - Mime: image/jpeg
[2014-05-24 17:07:14] - PARAM: stdClass Object
(
    [mode] => 1
    [width] => 80
    [height] => 80
    [position] => 0
    [background] => 0
    [file] => public/foo.jpg
    [external] => 
)

[2014-05-24 17:07:14] - IMAGE PATH: Y:\www\yajit/public/foo.jpg
[2014-05-24 17:07:14] - last_modified: 1247549551
[2014-05-24 17:07:14] - last_modified_gmt: Tue, 14 Jul 2009 05:32:31 GMT
[2014-05-24 17:07:14] - Reading image: Y:\www\yajit/public/foo.jpg
[2014-05-24 17:07:14] - Dimensions: 1024 X 768
[2014-05-24 17:07:14] - Mime: image/jpeg
[2014-05-24 17:16:32] - PARAM: stdClass Object
(
    [mode] => 4
    [width] => 300
    [height] => 200
    [position] => 0
    [background] => 0
    [file] => public/foo.jpg
    [external] => 
)

[2014-05-24 17:16:32] - IMAGE PATH: Y:\www\yajit/public/foo.jpg
[2014-05-24 17:16:32] - last_modified: 1247549551
[2014-05-24 17:16:32] - last_modified_gmt: Tue, 14 Jul 2009 05:32:31 GMT
[2014-05-24 17:16:32] - Reading image: Y:\www\yajit/public/foo.jpg
[2014-05-24 17:16:32] - Dimensions: 1024 X 768
[2014-05-24 17:16:32] - Mime: image/jpeg
[2014-05-24 17:16:44] - PARAM: stdClass Object
(
    [mode] => 4
    [width] => 0
    [height] => 200
    [position] => 0
    [background] => 0
    [file] => public/foo.jpg
    [external] => 
)

[2014-05-24 17:16:44] - IMAGE PATH: Y:\www\yajit/public/foo.jpg
[2014-05-24 17:16:44] - last_modified: 1247549551
[2014-05-24 17:16:44] - last_modified_gmt: Tue, 14 Jul 2009 05:32:31 GMT
[2014-05-24 17:16:44] - Reading image: Y:\www\yajit/public/foo.jpg
[2014-05-24 17:16:44] - Dimensions: 1024 X 768
[2014-05-24 17:16:44] - Mime: image/jpeg
[2014-05-24 17:16:52] - PARAM: stdClass Object
(
    [mode] => 4
    [width] => 300
    [height] => 0
    [position] => 0
    [background] => 0
    [file] => public/foo.jpg
    [external] => 
)

[2014-05-24 17:16:52] - IMAGE PATH: Y:\www\yajit/public/foo.jpg
[2014-05-24 17:16:52] - last_modified: 1247549551
[2014-05-24 17:16:52] - last_modified_gmt: Tue, 14 Jul 2009 05:32:31 GMT
[2014-05-24 17:16:52] - Reading image: Y:\www\yajit/public/foo.jpg
[2014-05-24 17:16:52] - Dimensions: 1024 X 768
[2014-05-24 17:16:52] - Mime: image/jpeg
[2014-05-24 17:17:17] - PARAM: stdClass Object
(
    [mode] => 4
    [width] => 300
    [height] => 100
    [position] => 0
    [background] => 0
    [file] => public/foo.jpg
    [external] => 
)

[2014-05-24 17:17:17] - IMAGE PATH: Y:\www\yajit/public/foo.jpg
[2014-05-24 17:17:17] - last_modified: 1247549551
[2014-05-24 17:17:17] - last_modified_gmt: Tue, 14 Jul 2009 05:32:31 GMT
[2014-05-24 17:17:17] - Reading image: Y:\www\yajit/public/foo.jpg
[2014-05-24 17:17:17] - Dimensions: 1024 X 768
[2014-05-24 17:17:17] - Mime: image/jpeg
[2014-05-24 17:17:38] - PARAM: stdClass Object
(
    [mode] => 4
    [width] => 300
    [height] => 500
    [position] => 0
    [background] => 0
    [file] => public/foo.jpg
    [external] => 
)

[2014-05-24 17:17:38] - IMAGE PATH: Y:\www\yajit/public/foo.jpg
[2014-05-24 17:17:38] - last_modified: 1247549551
[2014-05-24 17:17:38] - last_modified_gmt: Tue, 14 Jul 2009 05:32:31 GMT
[2014-05-24 17:17:38] - Reading image: Y:\www\yajit/public/foo.jpg
[2014-05-24 17:17:38] - Dimensions: 1024 X 768
[2014-05-24 17:17:38] - Mime: image/jpeg
